c 800 600
c 800 600
c 800 600
c 800 600
c 800 600
c 800 600
c 800 600
c 800 600
c 800 600
c 800 600
c 800 600
c 800 600
c 800 600
c 800 600
c 500 600
c 500 600
c 500 600
s up 
c 500 600
s up 
c 500 600
s up 
s up 
s up 
c 500 600
s up 
s up 
s up 
s up 
c 500 600
s up 
s up 
s up 
s up 
c 960 540
c 119 112
c 117 111
c 115 113
c 118 111
c 124 113
c 984 608
c 1367 824
c 446 681
c 964 898
c 1003 852
c 959 784
c 1716 638
c 1728 643
c 968 503
c 965 579
c 300 644
c 401 644
c 377 192
c 1014 810
c 967 577
c 964 543
c 980 591
c 831 548
c 963 595
c 955 538
c 545 626
c 886 884
c 1000 796
c 964 537
c 957 523
c 982 606
c 616 673
c 1784 649
c 965 531
c 964 573
c 966 206
c 965 571
c 989 553
c 973 555
c 965 507
c 955 558
c 311 515
c 989 525
c 952 146
c 1033 191
c 966 501
c 965 167
c 1524 869
c 968 510
c 835 321
c 883 323
c 901 437
c 631 422
c 1603 835
c 1599 838
c 501 704
c 1039 877
c 1569 713
c 231 390
c 1488 545
c 239 571
c 1577 564
c 913 818
c 1068 769
c 898 847
c 968 427
c 981 481
c 905 180
c 931 285
c 767 331
c 771 383
c 606 411
c 1560 525
c 877 525
c 217 423
c 940 894
c 964 850
c 844 932
c 885 500
c 1579 553
c 210 585
c 880 648
c 970 691
c 1548 476
c 1766 561
c 271 710
c 902 524
c 853 270
c 793 691
c 966 885
c 963 731
c 1115 948
c 861 454
c 855 400
c 416 421
c 1451 418
c 1138 109
c 1271 110
c 875 143
c 1030 245
c 1611 312
c 472 337
c 1065 401
c 749 841
c 956 563
c 979 619
c 933 531
c 602 176
c 1159 110
c 1121 151
c 1114 527
c 879 201
c 960 200
c 944 380
c 375 621
c 881 918
c 1791 283
c 952 244
c 394 600
c 821 672
c 822 157
c 1556 299
c 1075 230
c 318 488
c 901 893
c 968 454
c 1438 530
c 1338 286
c 1628 166
c 890 142
c 662 397
c 967 748
c 1208 286
c 1635 257
c 479 553
c 853 128
c 945 863
c 957 229
c 992 461
c 364 452
c 281 779
c 412 390
c 1243 304
c 1452 656
c 896 337
c 930 599
c 1164 949
c 415 256
c 979 245
c 935 615
c 1148 770
c 915 561
c 1515 588
c 885 345
c 413 692
c 802 797
c 1281 871
c 1474 136
c 1535 430
c 1183 358
c 1653 563
c 1670 483
c 1699 480
c 1720 510
c 1614 363
c 1663 477
c 1756 213
c 1573 558
c 965 550
c 210 513
c 773 593
c 832 647
c 1023 371
c 994 520
c 488 318
c 566 747
c 1331 258
c 1354 799
c 944 422
c 400 172
c 747 827
c 908 148
c 849 772
c 1549 201
c 1521 789
c 286 869
c 465 239
c 999 749
c 1027 153
c 988 285
c 850 771
c 1529 271
c 1735 846
c 1082 637
c 445 772
c 434 356
c 1228 320
c 1240 784
c 408 339
c 721 813
c 897 297
c 937 297
c 153 889
c 657 828
c 370 737
c 293 919
c 914 820
c 751 239
c 1299 234
c 908 288
c 971 225
c 263 298
c 1382 290
c 1255 740
c 461 434
c 1001 191
c 1333 814
c 1460 540
c 1437 229
c 483 693
c 433 240
c 207 690
c 914 536
c 1441 248
c 1478 810
c 390 825
c 415 179
c 554 363
c 1531 263
c 1432 915
c 353 690
c 410 199
c 1421 242
c 959 470
c 1631 281
c 1491 768
c 303 521
c 406 234
c 1002 282
c 498 282
c 753 864
c 1563 240
c 1216 590
c 484 753
c 457 323
c 988 319
c 1805 187
c 1575 372
c 1688 826
c 404 874
c 439 247
c 995 299
c 1435 333
c 1166 704
c 961 914
c 1222 824
c 922 737
c 747 239
c 226 323
c 481 895
c 1476 202
c 1372 821
c 667 636
c 480 300
c 1393 429
c 665 334
c 452 713
c 303 258
c 1007 636
c 1479 331
c 1652 877
c 835 590
c 372 229
c 545 803
c 997 276
c 863 785
c 1491 469
c 1014 482
c 701 556
c 496 255
c 458 750
c 965 812
c 945 315
c 931 922
c 1477 278
c 1436 765
c 215 657
c 511 358
c 1697 407
c 1521 650
c 429 906
c 359 504
c 986 261
c 1453 304
c 1676 703
c 319 782
c 364 270
c 781 252
c 1333 357
c 1588 261
c 1521 784
c 515 672
c 443 261
c 318 569
c 976 807
c 1026 299
c 887 758
c 340 565
c 401 686
c 959 663
c 943 566
c 860 716
c 973 373
c 467 293
c 506 774
c 907 365
c 503 523
c 605 370
c 754 399
c 549 679
c 922 637
c 1002 398
c 1026 334
c 1188 793
c 446 429
c 702 382
c 609 718
c 411 402
c 1223 484
c 1633 458
c 638 448
c 494 481
c 1014 268
c 973 550
c 373 860
c 401 336
c 1629 472
c 973 529
c 585 240
c 568 713
c 1172 394
c 1067 325
c 986 354
c 968 713
c 1588 361
c 1519 707
c 541 244
c 476 661
c 563 220
c 1013 234
c 1682 350
c 1568 694
c 958 677
c 950 365
c 470 666
c 409 335
c 405 338
c 974 721
c 1125 567
c 988 257
c 948 716
c 1519 316
c 1547 821
c 371 878
c 405 302
c 1124 160
c 1579 315
c 1531 716
c 840 753
c 352 684
c 388 154
c 974 174
c 1488 220
c 1404 768
c 896 928
c 434 816
c 544 377
c 975 283
c 1489 316
c 1751 468
c 1622 482
c 1670 221
c 1674 486
c 1674 728
c 1686 491
c 1616 466
c 1633 216
c 1760 461
c 1687 745
c 1700 223
c 1680 712
c 1641 488
c 1616 483
c 1759 509
c 1719 771
c 615 471
c 1670 482
c 1563 407
c 1733 435
c 1099 431
c 1192 493
c 1577 730
c 1051 433
c 1535 720
c 1467 511
c 1346 304
c 1516 327
c 1200 347
c 1681 383
c 1058 724
c 914 537
c 1110 642
c 923 564
c 1173 549
c 1474 709
c 1334 932
c 1292 199
c 998 651
c 476 674
c 1405 377
c 1550 366
c 1546 343
c 1462 355
c 1550 207
c 1430 647
c 440 890
c 386 459
c 901 545
c 929 560
c 410 546
c 964 386
c 852 486
c 1040 657
c 1759 771
c 585 845
c 440 356
c 926 682
c 1382 870
c 934 160
c 1526 353
c 1584 354
c 1598 370
c 511 775
c 629 450
c 1026 238
c 546 884
c 244 344
c 1035 491
c 1623 316
c 1777 515
c 381 675
c 293 481
c 877 254
c 915 803
c 1595 276
c 1592 851
c 1769 437
c 1642 216
c 1643 213
c 1060 657
c 1632 155
c 1616 477
c 1637 216
c 1623 476
c 1656 789
c 1630 216
c 1607 726
c 1634 212
c 1601 478
c 1605 477
c 1663 225
c 690 458
c 1718 766
c 1599 478
c 1757 545
c 1695 789
c 1409 193
c 1352 193
c 1343 191
c 1120 566
c 708 220
c 696 166
c 1152 491
c 1238 532
c 1245 549
c 668 175
c 1283 529
c 521 348
c 664 929
c 1222 901
c 1504 407
c 1241 533
c 1216 522
c 900 454
c 1058 538
c 1160 555
c 812 349
c 1534 167
c 1610 370
c 1090 693
c 1029 515
c 1039 464
c 1055 683
c 1084 586
c 684 559
c 1063 576
c 1039 602
c 1015 594
c 1030 559
c 1055 614
c 614 346
c 1145 360
c 672 177
c 473 487
c 925 269
c 1838 545
c 722 818
c 996 915
c 1002 849
c 1004 851
c 1006 860
c 991 913
c 990 559
c 273 627
c 217 334
c 704 435
c 1250 300
c 1351 506
c 788 735
c 367 927
c 1037 465
c 1031 471
c 974 511
c 876 558
c 428 707
c 463 259
c 810 272
c 1473 514
c 1469 515
c 1464 483
c 1457 465
c 901 526
c 1020 836
c 1439 750
c 994 245
c 1468 510
c 892 536
c 1478 490
c 1577 545
c 1550 535
c 1532 500
c 899 532
c 1430 546
c 913 526
c 927 529
c 927 535
c 917 548
c 1494 546
c 881 564
c 845 653
c 872 634
c 848 657
c 845 652
c 1524 510
c 1492 516
c 1501 533
c 924 547
c 960 528
c 960 534
c 1486 510
c 1463 501
c 1454 496
c 1462 540
c 1495 547
c 1501 510
c 1529 500
c 1548 505
c 1510 501
c 1486 455
c 1519 503
c 989 559
c 1496 527
c 1477 512
c 1450 461
c 958 553
c 449 432
c 928 539
c 1531 518
c 1647 506
c 927 526
c 928 535
c 929 527
c 929 531
c 893 523
c 914 557
c 1492 509
c 931 508
c 993 914
c 1469 514
c 963 523
c 1456 539
c 990 549
c 996 840
c 997 914
c 995 916
c 957 832
c 1456 548
c 1441 515
c 1462 551
c 825 480
c 889 538
c 996 307
c 1080 174
c 1059 527
c 147 471
c 874 519
c 886 506
c 909 882
c 1097 175
c 1092 150
c 1456 539
c 1457 513
c 1475 515
c 903 554
c 1518 542
c 1497 547
c 987 477
c 991 915
c 1480 508
c 1432 503
c 1427 505
c 1457 546
c 931 448
c 1440 507
c 994 667
c 1420 494
c 1382 483
c 1339 486
c 1412 482
c 912 888
c 806 378
c 1167 155
c 1082 335
c 1168 187
c 1479 509
c 1162 173
c 1195 175
c 1168 187
c 1003 532
c 1025 497
c 1032 548
c 1029 570
c 1399 506
c 1391 498
c 963 544
c 876 564
c 1376 495
c 991 827
c 1364 500
c 917 549
c 239 535
c 1430 487
c 1438 503
c 1439 507
c 1451 502
c 1507 541
c 1464 492
c 1499 531
c 1509 587
c 1463 538
c 1461 545
c 1469 506
c 931 536
c 1353 540
c 932 451
c 1378 552
c 1586 864
c 1242 600
c 1363 550
c 1360 548
c 994 909
c 1351 596
c 1428 546
c 1394 540
c 1394 545
c 1426 545
c 927 553
c 1435 527
c 1547 548
c 1654 589
c 919 558
c 903 575
c 1470 247
c 1466 204
c 1480 198
c 1300 200
c 415 826
c 522 603
c 1431 487
c 965 527
c 1428 537
c 1432 506
c 962 542
c 950 540
c 930 541
c 798 546
c 1425 475
c 778 583
c 1427 547
c 1467 478
c 1489 455
c 1504 502
c 992 916
c 1278 598
c 1801 292
c 1692 231
c 1171 521
c 1208 534
c 1663 383
c 963 528
c 1394 521
c 1400 503
c 1449 501
c 1671 867
c 1682 232
c 924 283
c 968 465
c 1335 570
c 926 607
c 1440 520
c 1434 494
c 955 645
c 783 712
c 904 458
c 1055 537
c 1035 543
c 936 551
c 931 538
c 434 675
c 458 465
c 521 753
c 895 152
c 895 915
c 989 638
c 999 884
c 954 677
c 697 451
c 973 636
c 852 917
c 773 443
c 746 591
c 1000 462
c 760 833
c 749 608
c 845 922
c 1232 635
c 1033 690
c 725 480
c 958 546
c 747 361
c 858 922
c 835 685
c 1344 832
c 987 619
c 956 596
c 1088 728
c 688 740
c 661 724
c 492 744
c 897 558
c 1002 539
c 1100 175
c 1196 495
c 710 514
c 730 531
c 943 483
c 943 553
c 749 607
c 747 481
c 1090 656
c 857 637
c 877 469
c 454 859
c 505 627
c 695 846
c 632 811
c 1006 550
c 1002 498
c 743 283
c 700 766
c 694 776
c 1003 624
c 587 771
c 594 787
c 631 720
c 657 866
c 580 844
c 614 658
c 953 535
c 865 892
c 827 778
c 858 771
c 529 564
c 780 292
c 832 911
c 754 453
c 849 151
c 870 1151
c 535 1229
c -3933 6657
c 1216 1279
c 558 1104
c 440 1376
c 765 1442
c 479 2911
c 644 946
c 505 984
c -587 582
c -956 552
c 729 443
c -1644 3678
c 984 1008
c 657 423
c 682 633
c 641 514
c 962 399
c 968 1185
c 958 511
c 851 964
c 675 914
c 464 863
c 495 468
c 732 319
c 1176 310
c 648 678
c 1559 544
c 631 547
c 732 737
c 603 706
c 613 659
c 655 555
c 671 755
c 624 662
c 587 551
c 1138 549
c 1104 417
c 1017 428
c 1114 421
c 858 456
c 973 773
c 1085 803
c 982 775
c 998 624
c 994 459
c 1036 775
c 965 774
c 987 705
c 979 424
c 825 377
c 759 993
c 762 956
c 991 227
c 766 986
c 865 723
c 1004 624
c 998 994
c 997 986
c 849 906
c 1194 808
c 1207 698
c 878 957
c 848 905
c 991 172
c 879 913
c 479 303
c 841 898
c 789 444
c 988 590
c 883 631
c 855 728
c 990 213
c 992 805
c 861 925
c 681 628
c 854 728
c 989 916
c 704 466
c 352 390
c 529 529
c 863 455
c 929 537
c 958 503
c 1002 388
c 916 466
c 930 450
c 903 476
c 1323 546
c 849 555
c 1333 255
c 1048 732
c 1387 772
c 1624 937
c 1281 789
c 1313 848
c 1119 959
c 1132 929
c 1139 957
c 1061 760
c 1068 808
c 1096 625
c 1307 848
c 1431 828
c 1415 672
c 1285 670
c 1066 535
c 1323 746
c 954 779
c 995 750
c 1024 637
c 1002 541
c 1016 462
c 1394 222
c 1394 220
c 1546 223
c 996 558
c 1348 525
c 1022 550
c 1507 809
c 1308 829
c 1447 507
c 1011 524
c 925 480
c 938 206
c 901 517
c 868 257
c 987 470
c 962 514
c 986 746
c 1169 190
c 1077 637
c 1059 677
c 735 271
c 771 372
c 1115 640
c 1102 352
c 999 492
c 334 304
c 1222 429
c 1512 519
c 1003 395
c 952 434
c 974 539
c 1001 540
c 699 220
c 565 231
c 524 220
c 1165 261
c 1179 232
c 274 298
c 1067 464
c 849 473
c 856 229
c 1262 430
c 1284 593
c 987 505
c 769 246
c 1135 898
c 1095 461
c 193 722
c 1118 694
c 1138 649
c 1147 250
c 1121 638
c 1149 497
c 1161 697
c 1794 880
c 1056 645
c 878 152
c 1058 668
c 1062 609
c 1138 493
c 1106 506
c 1329 574
c 1292 824
c 1496 886
c 942 526
c 896 529
c 1073 420
c 1443 943
c 1312 609
c 1489 893
c 1293 568
c 1322 550
c 1288 552
c 1284 837
c 1317 605
c 1288 548
c 1232 912
c 1261 611
c 1233 759
c 1220 739
c 1285 717
c 1318 877
c 1169 664
c 1673 732
c 1368 831
c 1266 712
c 1275 526
c 1249 899
c 1265 663
c 1044 631
c 957 548
c 1116 545
c 1047 693
c 1097 556
c 1023 895
c 1097 642
c 897 818
c 1001 670
c 862 899
c 862 665
c 675 641
c 711 841
c 797 623
c 741 858
c 734 617
c 659 981
c 868 888
c 1221 1000
c 955 670
c 961 552
c 1310 568
c 1010 524
c 653 776
c 652 783
c 789 528
c 1172 834
c 926 478
c 890 409
c 862 624
c 869 625
c 1084 802
c 814 639
c 1091 600
c 1141 440
c 1105 694
c 961 780
c 1079 593
c 1134 451
c 761 611
c 742 529
c 753 659
c 747 403
c 761 611
c 771 621
c 739 618
c 729 389
c 797 616
c 753 624
c 742 415
c 1617 924
c 1567 382
c 801 572
c 344 663
c 408 644
c 464 562
c 986 1002
c 1023 670
c 1448 573
c 1487 753
c 361 491
c 965 216
c 995 556
c 1001 643
c 293 552
c 694 517
c 988 504
c 960 178
c 633 250
c 1006 535
c 999 842
c 997 920
c 1001 503
c 1000 549
c 707 160
c 708 229
c 998 492
c 998 484
c 1024 526
c 1007 535
c 980 561
c 932 501
c 775 834
c 960 524
c 539 238
c 1140 439
c 1241 809
c 980 472
c 1266 264
c 1171 808
c 503 685
c 995 756
c 986 505
c 1003 539
c 897 464
c 864 473
c 1084 716
c 966 587
c 988 230
c 677 503
c 862 477
c 680 543
c 698 733
c 1004 481
c 958 657
c 966 617
c 1013 972
c 1005 297
c 710 573
c 957 531
c 1000 447
c 1057 409
c 1062 406
c 1367 231
c 1264 533
c 994 913
c 572 243
c 993 915
c 1025 235
c 1002 451
c 1091 416
c 1078 450
c 1218 770
c 999 388
c 1100 467
c 1121 547
c 1084 483
c 1083 556
c 1063 557
c 659 572
c 1085 554
c 1068 588
c 1000 539
c 613 717
c 1606 1005
c 1199 786
c 888 603
c 994 911
c 552 476
c 943 585
c 928 586
c 1283 530
c 1138 152
c 1106 154
c 1124 148
c 994 914
c 1197 995
c 1186 148
c 1232 147
c 964 842
c 756 146
c 973 154
c 1220 912
c 1156 254
c 1494 254
c 1391 243
c 961 743
c 988 809
c 801 640
c 582 871
c 1003 372
c 1226 261
c 999 529
c 992 914
c 992 922
c 1025 838
c 954 742
c 1002 543
c 689 499
c 938 565
c 997 491
c 1268 765
c 712 157
c 1331 239
c 934 584
c 1003 538
c 995 912
c 959 609
c 1000 478
c 1442 173
c 1015 539
c 954 614
c 931 615
c 678 442
c 995 913
c 1185 960
c 1457 619
c 1188 527
c 1188 774
c 999 916
c 1001 440
c 1179 229
c 1005 533
c 1255 528
c 1003 524
c 1001 837
c 910 974
c 1000 540
c 1004 542
c 996 914
c 1002 533
c 1179 522
c 999 918
c 982 647
c 969 623
c 1447 678
c 974 612
c 1111 373
c 975 320
c 1003 532
c 994 914
c 1107 213
c 742 685
c 1003 528
c 999 915
c 1250 971
c 1306 815
c 1005 535
c 1003 599
c 998 923
c 1003 463
c 1001 486
c 986 648
c 988 682
c 999 475
c 995 1003
c 995 916
c 992 913
c 1001 496
c 1002 521
c 994 915
c 1211 523
c 1003 338
c 996 922
c 291 262
c 570 277
c 997 467
c 1250 194
c 1001 461
c 1005 392
c 1000 496
c 79 466
c 709 513
c 1025 216
c 1001 510
c 1271 731
c 1001 513
c 1079 145
c 1003 493
c 1000 916
c 1001 486
c 1190 1002
c 859 535
c 1353 476
c 1000 487
c 996 918
c 1714 637
c 427 885
c 325 679
c 782 819
c 1003 541
c 1184 626
c 1003 524
c 713 488
c 669 517
c 674 250
c 1001 479
c 1037 443
c 1109 648
c 965 646
c 986 194
c 1009 519
c 1003 882
c 1003 456
c 996 920
c 1005 534
c 1227 934
c 999 490
c 925 670
c 905 309
c 1001 491
c 997 915
c 1030 437
c 973 543
c 1000 490
c 671 277
c 996 535
c 978 309
c 1002 533
c 991 829
c 766 273
c 872 197
c 1180 224
c 1020 539
c 1002 537
c 1194 551
c 1002 478
c 1111 348
c 964 636
c 1264 573
c 1102 561
c 1089 549
c 1002 540
c 1100 564
c 1072 565
c 992 460
c 1425 299
c 1004 529
c 1213 429
c 1182 747
c 997 508
c 1145 414
c 906 382
c 1001 977
c 1337 187
c 680 455
c 1006 537
c 684 465
c 1000 670
c 944 573
c 1076 600
c 846 940
c 968 721
c 1001 531
c 1005 855
c 1248 595
c 1241 790
c 1007 539
c 997 914
c 1000 570
c 1004 528
c 960 560
c 938 341
c 996 474
c 987 393
c 1003 491
c 1002 259
c 695 338
c 702 516
c 1266 669
c 1004 529
c 992 915
c 996 916
c 995 910
c 1003 532
c 972 598
c 1001 536
c 1260 254
c 722 278
c 672 468
c 1008 531
c 1003 578
c 998 823
c 998 460
c 1003 541
c 786 682
c 1000 539
c 1231 401
c 1003 539
c 1270 287
c 1003 533
c 997 907
c 992 919
c 993 917
c 996 914
c 996 485
c 1275 913
c 1007 534
c 652 428
c 1002 534
c 994 831
c 994 918
c 994 918
c 1006 517
c 995 842
c 947 693
c 958 610
c 1002 484
c 993 911
c 1244 251
c 1002 479
c 881 808
c 780 647
c 789 891
c 766 820
c 1003 475
c 994 922
c 999 921
c 765 260
c 1002 493
c 998 918
c 1009 512
c 994 917
c 1051 960
c 993 914
c 968 455
c 1000 915
c 1001 499
c 998 919
c 837 363
c 878 365
c 568 244
c 1002 545
c 507 417
c 996 556
c 1164 262
c 1002 536
c 998 591
c 996 622
c 884 755
c 1017 508
c 917 827
c 1183 960
c 1227 613
c 995 491
c 1003 476
c 1002 538
c 1006 881
c 1002 541
c 1021 536
c 884 750
c 1002 541
c 1460 620
c 1231 628
c 1180 951
c 1243 608
c 1156 951
c 1245 645
c 1346 628
c 1132 751
c 1001 850
c 990 239
c 1002 543
c 946 442
c 1003 544
c 1001 718
c 998 539
c 980 950
c 1261 256
c 1002 534
c 575 674
c 726 597
c 997 560
c 997 525
c 1000 504
c 937 272
c 1007 518
c 1010 525
c 989 579
c 1400 351
c 1338 149
c 1339 169
c 1133 581
c 891 771
c 959 626
c 1081 453
c 399 441
c 1555 664
c 1016 333
c 1033 861
c 541 521
c 830 170
c 1121 498
c 1901 701
c 1661 680
c 1045 753
c 606 599
c 1005 226
c 1031 547
c 1391 609
c 1698 519
c 956 558
c 932 634
c 1169 195
c 1025 555
c 855 641
c 434 593
c 946 495
c 830 504
c 1128 708
c 1068 842
c 602 208
c 1003 925
c 906 654
c 945 634
c 1429 153
c 1329 768
c 1053 615
c 258 813
c 1147 904
c 998 851
c 1111 487
c 1438 207
c 1105 548
c 750 483
c 1000 687
c 512 173
c 1599 160
c 797 331
c 511 568
c 1004 439
c 1710 464
c 1001 542
c 1829 454
c 958 289
c 1127 708
c 527 566
c 513 562
c 1252 224
c 787 193
c 909 785
c 1195 660
c 1010 558
c 1484 506
c 1495 493
c 576 535
c 967 312
c 1075 564
c 956 446
c 1002 544
c 927 382
c 1002 540
c 1005 551
c 549 569
c 1030 418
c 1015 563
c 1002 536
c 1018 537
c 674 224
c 613 250
c 938 207
c 846 146
c 1039 491
c 956 359
c 1224 551
c 998 202
c 1002 473
c 917 162
c 842 153
c 1028 556
c 873 194
c 943 825
c 548 290
c 817 180
c 929 481
c 1672 759
c 1165 629
c 824 166
c 1002 205
c 1683 475
c 1640 255
c 1188 602
c 817 172
c 965 554
c 1023 545
c 1004 527
c 1003 567
c 1007 555
c 1012 562
c 1273 202
c 1553 211
c 1659 710
c 1616 483
c 1001 575
c 1459 358
c 1006 492
c 1002 536
c 1031 542
c 872 259
c 1394 254
c 1217 341
c 1040 370
c 1451 349
c 1018 352
c 1022 548
c 1000 390
c 1002 540
c 521 566
c 1225 486
c 703 713
c 1224 626
c 1258 583
c 1258 623
c 1219 898
c 1002 549
c 702 439
c 1002 896
c 979 528
c 972 552
c 999 548
c 1003 873
c 1002 539
c 635 530
c 1004 537
c 969 827
c 1010 520
c 1256 402
c 1306 158
c 1003 549
c 1002 890
c 1003 478
c 1097 560
c 1002 475
c 957 509
c 998 471
c 978 584
c 1380 483
c 714 772
c 993 497
c 949 198
c 1420 705
c 1239 880
c 1005 528
c 1001 496
c 1412 175
c 1452 184
c 1089 535
c 1002 539
c 1032 558
c 1157 901
c 976 653
c 1002 542
c 957 628
c 1362 245
c 1364 243
c 746 908
c 969 590
c 1026 313
c 1002 548
c 1001 881
c 1004 482
c 957 273
c 998 537
c 1264 534
c 1209 358
c 993 555
c 814 488
c 527 499
c 1004 548
c 1002 545
c 1001 539
c 998 556
c 701 567
c 1001 546
c 1043 209
c 1249 846
c 1002 834
c 1005 513
c 1003 978
c 1348 181
c 949 614
c 740 523
c 1001 476
c 994 302
c 1225 645
c 1266 729
c 1126 639
c 530 688
c 1007 557
c 1070 542
c 1233 145
c 1002 537
c 818 766
c 1138 248
c 1002 532
c 1000 532
c 748 507
c 914 726
c 716 519
c 1002 539
c 1019 975
c 1204 598
c 1003 471
c 1001 828
c 1004 924
c 1002 902
c 960 533
c 1004 542
c 1008 557
c 1003 539
c 880 200
c 1001 539
c 1021 580
c 1002 637
c 795 173
c 917 611
c 1038 272
c 1048 281
c 1291 652
c 1487 824
c 1811 874
c 1597 894
c 663 909
c 828 536
c 972 536
c 1027 416
c 1065 179
c 1752 682
c 1000 569
c 1547 844
c 1081 777
c 1158 842
c 733 913
c 267 901
c 1191 544
c 1252 393
c 457 617
c 818 148
c 1076 187
c 632 205
c 610 277
c 821 227
c 613 380
c 625 410
c 640 364
c 784 156
c 1011 776
c 1588 514
c 1474 395
c 1304 225
c 666 264
c 1517 193
c 1138 922
c 1198 796
c 1457 179
c 1002 836
c 1001 548
c 1202 419
c 740 262
c 805 798
c 1001 540
c 1032 572
c 1214 524
c 1222 1002
c 1110 461
c 685 171
c 1001 611
c 1152 228
c 1239 258
c 843 168
c 968 709
c 558 180
c 1035 269
c 1122 212
c 1157 243
c 1120 355
c 873 440
c 1169 455
c 627 430
c 886 634
c 1000 579
c 1074 633
c 1146 148
c 973 755
c 908 172
c 1127 618
c 1125 527
c 1164 562
c 986 577
c 741 258
c 118 875
c 992 554
c 697 638
c 1295 206
c 998 620
c 981 393
c 1106 167
c 462 503
c 876 550
c 570 868
c 1046 492
c 1002 416
c 764 926
c 834 967
c 1286 559
c 1010 267
c 992 528
c 1342 815
c 807 913
c 1352 843
c 1014 760
c 776 166
c 973 593
c 690 213
c 570 198
c 535 549
c 1084 434
c 958 447
c 728 490
c 1000 540
c 1002 725
c 1000 496
c 1008 520
c 368 785
c 713 573
c 1002 537
c 999 792
c 1004 511
c 891 304
c 1002 537
c 1000 474
c 1003 533
c 696 509
c 996 474
c 1004 965
c 1005 536
c 1002 537
c 1292 278
c 1003 534
c 1001 971
c 1109 772
c 973 444
c 1085 684
c 1142 808
c 990 173
c 1004 466
c 1003 523
c 998 466
c 997 552
c 1002 535
c 1003 532
c 1331 273
c 1003 530
c 959 225
c 1001 570
c 1006 503
c 1004 547
c 1021 552
c 1012 515
c 1013 804
c 1007 273
c 994 613
c 762 637
c 1001 535
c 1056 615
c 1006 892
c 1001 539
c 1208 374
c 1002 506
c 1003 475
c 987 419
c 983 539
c 1009 559
c 1272 988
c 1049 757
c 762 629
c 1001 534
c 1003 962
c 1242 981
c 1174 561
c 1149 854
c 1007 527
c 1001 578
c 1055 428
c 1341 478
c 1002 537
c 946 310
c 1005 541
c 1052 471
c 735 499
c 1004 540
c 1000 407
c 1007 924
c 1003 541
c 1002 536
c 1006 786
c 1001 540
c 680 199
c 991 477
c 801 946
c 553 692
c 1001 864
c 1303 519
c 1247 649
c 1006 518
c 1007 633
c 1000 544
c 760 702
c 1001 476
c 1002 654
c 643 494
c 1001 635
c 1001 785
c 999 842
c 1000 545
c 1004 535
c 1306 545
c 1001 528
c 681 230
c 996 624
c 1244 883
c 996 554
c 1001 604
c 1001 572
c 1004 371
c 996 465
c 668 538
c 1000 541
c 998 813
c 1003 542
c 1003 281
c 1002 512
c 1001 311
c 1049 759
c 1002 539
c 1019 340
c 619 537
c 1004 512
c 1002 801
c 721 280
c 1002 508
c 1000 807
c 1003 522
c 1003 926
c 1010 517
c 983 555
c 1001 532
c 858 553
c 722 524
c 1002 538
c 1001 857
c 989 292
c 1012 524
c 1001 927
c 1001 541
c 1011 520
c 1007 526
c 987 541
c 763 849
c 1007 523
c 1004 964
c 1017 166
c 804 290
c 772 292
c 1020 542
c 1002 795
c 1191 567
c 1000 531
c 778 734
c 720 499
c 1046 634
c 990 530
c 1258 727
c 684 427
c 998 535
c 1283 303
c 997 954
c 1022 528
c 1306 276
c 877 341
c 988 318
c 1910 524
c 1701 221
c 1864 452
c 562 478
c 1916 467
c 1178 490
c 1202 151
c 1599 651
c 805 777
c 1185 212
c 437 266
c 1138 457
c 1507 276
c 1128 488
c 997 524
c 1132 662
c 1130 166
c 1022 556
c 1030 566
c 1245 464
c 1125 385
c 1166 414
c 1039 950
c 1009 363
c 1004 455
c 181 272
c 879 621
c 1121 529
c 1081 523
c 1003 375
c 388 521
c 987 508
c 1849 530
c 1735 396
c 1064 500
c 825 379
c 1792 478
c 1427 481
c 1859 554
c 1697 438
c 1681 501
c 1497 477
c 235 382
c 562 307
c 1330 499
c 1245 203
c 538 369
c 448 489
c 1746 473
c 1693 802
c 1754 255
c 1081 397
c 1201 344
c 190 221
c 1271 216
c 1275 233
c 1106 160
c 1116 524
c 1122 152
c 1116 545
c 1003 541
c 1185 311
c 954 294
c 1324 316
c 488 464
c 1638 543
c 1687 803
c 1769 445
c 1112 370
c 466 519
c 1839 454
c 1808 609
c 1823 443
c 1337 721
c 1568 499
c 1818 474
c 1662 622
c 1559 543
c 924 591
c 1689 521
c 1686 531
c 1560 477
c 1594 542
c 1364 182
c 1201 404
c 1216 166
c 1192 356
c 489 484
c 1562 444
c 1764 811
c 1446 468
c 515 440
c 1529 542
c 1820 584
c 1513 479
c 504 291
c 1007 523
c 1255 194
c 1262 214
c 1278 259
c 1251 205
c 1111 220
c 978 153
c 1002 149
c 1013 157
c 1030 146
c 1635 527
c 1781 880
c 1520 523
c 1515 528
c 1374 545
c 1643 576
c 486 607
c 1838 440
c 1710 750
c 1447 410
c 1269 313
c 1000 537
c 1006 371
c 1002 543
c 1019 545
c 992 487
c 1010 523
c 688 172
c 1002 537
c 1273 373
c 987 597
c 523 661
c 1019 920
c 611 424
c 1610 592
c 524 426
c 1565 434
c 1720 816
c 1498 481
c 1278 565
c 1002 541
c 1652 214
c 986 261
c 644 165
c 966 617
c 1082 344
c 1170 271
c 565 569
c 945 621
c 958 562
c 1401 253
c 992 560
c 1241 173
c 1237 181
c 1243 177
c 1293 287
c 1025 334
c 1051 367
c 1020 545
c 1126 410
c 1021 541
c 1118 356
c 1024 337
c 1074 329
c 984 546
c 741 362
c 1002 360
c 1011 219
c 1001 189
c 943 561
c 1065 185
c 1065 184
c 1063 211
c 1017 532
c 699 198
c 638 530
c 987 241
c 1017 208
c 1013 267
c 1166 192
c 495 462
c 597 389
c 1032 350
c 1112 490
c 1563 436
c 1919 554
c 1005 860
c 694 279
c 383 850
c 609 927
c 1006 334
c 1075 466
c 965 555
c 270 629
c 953 532
c 1480 528
c 384 756
c 1453 502
c 1142 373
c 1099 341
c 776 830
c 509 429
c 1639 536
c 1772 583
c 1553 425
c 1119 287
c 1002 538
c 1001 534
c 1000 526
c 1209 334
c 986 540
c 1012 554
c 994 523
c 1065 260
c 1083 282
c 1091 202
c 1003 503
c 1055 203
c 884 226
c 1003 538
c 1086 296
c 1085 287
c 1091 223
c 994 554
c 1090 219
c 993 559
c 1080 205
c 1095 740
c 906 350
c 1001 542
c 1083 208
c 1057 625
c 938 591
c 981 161
c 1003 530
c 878 428
c 1092 163
c 891 309
c 1237 195
c 1109 282
c 1105 804
c 987 513
c 1086 387
c 1099 714
c 999 401
c 1019 573
c 1733 567
c 1470 483
c 1797 454
c 1516 646
c 1190 587
c 1622 468
c 1580 476
c 1626 486
c 923 812
c 1039 269
c 1008 459
c 1016 538
c 1476 434
c 1270 410
c 1604 460
c 1627 472
c 1751 485
c 802 250
c 684 144
c 1001 476
c 1168 265
c 1747 555
c 937 944
c 1125 550
c 1588 320
c 1678 647
c 808 637
c 1643 699
c 1347 332
c 570 577
c 905 268
c 1083 526
c 1127 706
c 958 221
c 1426 333
c 968 435
c 996 559
c 339 559
c 1010 522
c 1007 368
c 1003 531
c 1122 246
c 711 322
c 682 335
c 1396 162
c 1027 332
c 1016 606
c 1010 529
c 988 555
c 1003 501
c 1002 308
c 303 538
c 957 355
c 959 506
c 1096 405
c 1579 728
c 944 186
c 1528 797
c 1144 458
c 1002 541
c 923 304
c 1488 338
c 1027 231
c 766 529
c 1073 498
c 1071 528
c 1086 498
c 1284 204
c 1128 483
c 726 251
c 1002 540
c 1418 344
c 1229 984
c 1085 686
c 1089 201
c 999 548
c 1012 526
c 1002 536
c 986 542
c 1000 542
c 1067 741
c 984 494
c 1022 336
c 1027 235
c 989 549
c 1003 664
c 984 205
c 1001 537
c 874 274
c 1132 544
c 985 501
c 1562 279
c 992 559
c 1437 210
c 1568 275
c 986 542
c 1111 713
c 1002 535
c 1003 538
c 1391 225
c 1019 545
c 970 534
c 982 519
c 1001 537
c 1045 507
c 983 543
c 869 789
c 1041 505
c 1009 521
c 1003 538
c 1524 236
c 710 221
c 1520 240
c 1026 489
c 1043 488
c 1076 502
c 1011 492
c 1111 459
c 1003 469
c 1009 558
c 1189 272
c 1123 499
c 1090 473
c 1114 489
c 1044 454
c 1044 507
c 1046 519
c 1039 492
c 1050 493
c 1084 495
c 1065 437
c 1075 604
c 1008 526
c 1050 464
c 1046 470
c 1531 409
c 988 552
c 595 256
c 1033 529
c 1002 544
c 1040 541
c 1044 504
c 985 393
c 407 427
c 1000 417
c 1198 436
c 1593 421
c 892 795
c 475 570
c 960 419
c 1611 393
c 751 442
c 300 674
c 486 575
c 764 272
c 1152 703
c 1535 581
c 617 355
c 988 535
c 1092 515
c 1094 531
c 1068 497
c 1043 519
c 1057 534
c 1069 529
c 1092 502
c 989 523
c 1062 507
c 1080 490
c 1100 498
c 1032 515
c 1026 489
c 1074 542
c 1002 541
c 1238 211
c 890 237
c 1119 527
c 1003 542
c 1079 529
c 1086 529
c 1071 522
c 1045 541
c 1051 536
c 1125 494
c 1128 534
c 1120 515
c 1093 520
c 1023 555
c 798 206
c 779 217
c 1778 901
c 1003 541
c 1241 610
c 1206 571
c 794 167
c 1603 653
c 1765 285
c 908 822
c 1881 403
c 655 292
c 1826 297
c 943 615
c 1104 556
c 994 557
c 1162 533
c 1168 548
c 1104 288
c 1204 573
c 1010 557
c 784 186
c 1167 519
c 1170 519
c 1004 542
c 1007 521
c 1186 530
c 1187 522
c 1184 534
c 1181 530
c 1225 526
c 1189 538
c 1133 559
c 1120 575
c 1138 531
c 1126 534
c 1137 539
c 1124 558
c 1178 537
c 1181 549
c 1194 529
c 1098 494
c 1170 494
c 1236 529
c 1202 535
c 1184 528
c 1163 532
c 1170 522
c 1158 530
c 1122 538
c 764 475
c 997 555
c 1183 495
c 1144 523
c 1007 520
c 1055 526
c 1102 572
c 1016 507
c 116 613
c 1065 602
c 774 219
c 770 565
c 743 226
c 646 153
c 778 166
c 809 204
c 993 524
c 1000 537
c 981 558
c 793 207
c 1201 523
c 1653 552
c 992 557
c 1003 178
c 1142 237
c 1224 526
c 1219 533
c 1236 584
c 1730 160
c 1843 397
c 1021 541
c 853 158
c 816 157
c 801 251
c 755 147
c 845 171
c 1290 547
c 1230 524
c 1019 507
c 1221 538
c 1103 534
c 1802 450
c 860 239
c 799 183
c 741 304
c 1001 347
c 1248 529
c 1014 545
c 1000 500
c 984 538
c 1004 542
c 1761 293
c 1027 523
c 1003 494
c 155 366
c 1291 529
c 1003 513
c 1215 484
c 1229 545
c 1020 537
c 1222 479
c 1218 544
c 1192 454
c 1874 296
c 1846 310
c 1694 259
c 1711 270
c 1001 512
c 1112 370
c 1131 738
c 1568 239
c 873 471
c 880 505
c 1002 583
c 1002 503
c 856 553
c 1002 506
c 844 202
c 967 286
c 597 336
c 743 526
c 818 149
c 796 157
c 939 557
c 1254 180
c 790 480
c 778 225
c 1019 507
c 1018 512
c 844 201
c 1008 520
c 863 176
c 1253 325
c 863 175
c 1474 488
c 1767 363
c 1163 531
c 1010 528
c 789 168
c 1030 484
c 1002 533
c 895 1004
c 982 498
c 858 183
c 929 292
c 769 206
c 832 207
c 996 479
c 722 161
c 849 195
c 1005 541
c 874 447
c 843 299
c 1002 547
c 962 528
c 1105 244
c 1188 469
c 1030 475
c 958 551
c 1170 259
c 1002 535
c 1149 527
c 943 661
c 1194 498
c 1027 522
c 437 300
c 781 156
c 1163 416
c 485 513
c 1000 582
c 1047 738
c 730 243
c 999 559
c 1206 145
c 705 154
c 1128 271
c 1149 491
c 1001 721
c 1002 506
c 791 846
c 1106 201
c 1085 177
c 886 504
c 1027 174
c 672 155
c 1161 388
c 1442 529
c 1152 231
c 916 507
c 1001 205
c 1002 535
c 1108 315
c 997 525
c 779 255
c 1095 522
c 949 588
c 1002 537
c 783 275
c 1004 543
c 655 206
c 999 499
c 1331 493
c 959 674
c 1010 523
c 1100 250
c 1097 807
c 1117 263
c 1009 230
c 855 297
c 720 306
c 1001 540
c 997 521
c 985 508
c 1024 587
c 1051 182
c 1002 541
c 1002 569
c 1007 432
c 819 184
c 693 278
c 1041 183
c 1145 271
c 1164 266
c 1146 527
c 1058 160
c 1066 243
c 603 367
c 1012 1000
c 634 194
c 519 250
c 1014 201
c 1020 202
c 648 183
c 1002 202
c 1003 531
c 923 307
c 594 248
c 1112 493
c 1111 555
c 988 318
c 1164 260
c 1113 379
c 1230 161
c 1082 367
c 666 179
c 995 706
c 499 236
c 1001 539
c 1008 555
c 515 204
c 514 193
c 1000 538
c 985 736
c 981 429
c 959 482
c 950 233
c 986 1004
c 570 249
c 1001 544
c 762 558
c 1006 557
c 948 778
c 491 238
c 989 527
c 952 160
c 574 158
c 590 169
c 517 265
c 455 305
c 748 191
c 524 327
c 1054 308
c 1027 592
c 531 473
c 1031 519
c 558 316
c 761 162
c 778 165
c 1042 576
c 958 472
c 978 554
c 967 805
c 931 534
c 1041 461
c 895 645
c 902 475
c 934 326
c 935 436
c 989 642
c 1284 633
c 560 253
c 1058 217
c 469 286
c 551 253
c 403 259
c 1006 551
c 572 183
c 429 235
c 1001 215
c 516 204
c 1022 497
c 1055 236
c 468 203
c 972 502
c 515 172
c 1009 199
c 498 254
c 1057 201
c 519 238
c 1019 537
c 1296 279
c 1007 555
c 552 188
c 1019 543
c 1126 190
c 547 191
c 1396 594
c 446 212
c 487 159
c 494 161
c 1661 619
c 491 285
c 525 266
c 818 152
c 548 268
c 978 585
c 754 191
c 1044 223
c 519 287
c 526 289
c 1609 528
c 863 244
c 907 270
c 1005 524
c 785 159
c 554 263
c 994 523
c 1002 689
c 761 172
c 995 524
c 889 456
c 1005 364
c 861 417
c 1010 554
c 1002 577
c 890 300
c 1018 506
c 816 176
c 514 323
c 1017 507
c 1075 630
c 544 221
c 1853 396
c 1002 575
c 989 154
c 512 248
c 513 271
c 899 482
c 1159 390
c 1019 798
c 1007 558
c 503 216
c 996 556
c 1027 557
c 444 236
c 440 243
c 1006 551
c 999 533
c 993 526
c 480 270
c 459 286
c 455 323
c 1016 607
c 518 246
c 504 258
c 729 157
c 984 501
c 986 583
c 714 148
c 991 521
c 1866 389
c 992 557
c 375 308
c 719 149
c 1001 506
c 1006 552
c 944 179
c 1003 536
c 1111 812
c 476 220
c 980 553
c 985 495
c 1002 503
c 1119 217
c 696 166
c 491 276
c 1011 555
c 475 279
c 1086 214
c 672 178
c 1039 554
c 1011 520
c 1893 389
c 987 284
c 1007 526
c 386 292
c 956 253
c 841 198
c 1001 541
c 472 300
c 1160 180
c 828 173
c 502 295
c 499 296
c 1004 546
c 1018 520
c 736 231
c 1133 292
c 787 185
c 737 180
c 1047 185
c 1002 761
c 737 806
c 1683 357
c 1017 606
c 989 518
c 498 352
c 481 365
c 1022 543
c 403 329
c 1077 218
c 1005 551
c 995 558
c 518 290
c 1014 261
c 985 545
c 437 324
c 983 533
c 453 300
c 1002 507
c 1000 542
c 543 281
c 541 273
c 551 297
c 467 296
c 1017 506
c 746 195
c 545 257
c 545 293
c 1692 520
c 477 302
c 461 299
c 778 168
c 566 268
c 771 182
c 919 202
c 828 170
c 444 318
c 947 538
c 945 498
c 986 537
c 865 302
c 827 165
c 452 304
c 835 193
c 999 544
c 980 742
c 1001 534
c 381 284
c 980 616
c 524 264
c 758 165
c 871 232
c 886 233
c 1249 175
c 1000 226
c 934 166
c 1003 538
c 876 438
c 847 160
c 882 394
c 1008 616
c 1018 578
c 1001 505
c 411 291
c 920 685
c 1029 524
c 1182 526
c 1159 540
c 1171 592
c 1176 571
c 1468 452
c 1130 566
c 1009 558
c 973 252
c 1028 300
c 864 555
c 543 225
c 1002 188
c 531 235
c 1061 664
c 1000 540
c 973 445
c 1021 433
c 996 432
c 988 447
c 1109 428
c 1064 458
c 960 548
c 475 281
c 410 303
c 712 159
c 525 263
c 1018 507
c 1002 191
c 1272 573
c 1795 398
c 1002 366
c 991 516
c 621 345
c 637 153
c 1004 543
c 551 257
c 730 158
c 470 268
c 480 275
c 1150 455
c 1141 467
c 1158 462
c 1377 502
c 427 276
c 993 554
c 1276 287
c 1234 550
c 982 193
c 604 152
c 605 149
c 622 180
c 1025 206
c 969 198
c 1038 435
c 561 150
c 570 247
c 1178 393
c 1145 448
c 1158 414
c 1698 316
c 1103 541
c 999 520
c 1019 542
c 479 207
c 1008 555
c 972 568
c 1353 292
c 1002 573
c 1000 236
c 443 258
c 995 558
c 891 803
c 539 266
c 544 227
c 460 250
c 542 239
c 990 562
c 456 157
c 442 154
c 1005 551
c 502 269
c 512 232
c 1291 463
c 1219 454
c 1003 579
c 569 229
c 579 204
c 592 188
c 1039 464
c 623 172
c 1006 913
c 857 153
c 643 161
c 546 254
c 795 162
c 585 335
c 534 227
c 973 209
c 1208 448
c 1001 540
c 455 250
c 1184 483
c 1003 462
c 934 172
c 894 524
c 175 613
c 536 238
c 454 237
c 771 151
c 934 464
c 985 528
c 990 829
c 1026 553
c 1019 503
c 1003 540
c 1007 491
c 625 149
c 622 146
c 628 155
c 604 339
c 1023 165
c 973 540
c 982 528
c 986 468
c 456 227
c 972 534
c 975 474
c 962 476
c 984 549
c 1002 476
c 1019 535
c 1001 473
c 1004 460
c 936 485
c 1002 547
c 1003 479
c 999 450
c 986 426
c 516 268
c 434 259
c 1020 539
c 985 508
c 986 539
c 581 146
c 572 157
c 1003 542
c 924 646
c 594 222
c 621 152
c 1001 212
c 1004 558
c 588 163
c 1898 397
c 1010 554
c 604 322
c 576 149
c 1012 558
c 580 350
c 568 348
c 1013 554
c 1126 237
c 1020 564
c 1040 331
c 628 357
c 820 152
c 1081 488
c 930 456
c 969 448
c 929 406
c 442 279
c 993 555
c 601 293
c 1698 871
c 1002 545
c 510 213
c 1052 494
c 1053 399
c 1082 395
c 466 267
c 1069 456
c 1096 421
c 1018 585
c 965 1001
c 1134 627
c 487 455
c 555 558
c 763 463
c 822 638
c 905 558
c 514 254
c 816 581
c 614 610
c 562 626
c 404 475
c 782 549
c 431 713
c 536 495
c 485 573
c 1045 516
c 1053 307
c 1521 438
c 1002 600
c 1123 719
c 1260 661
c 1112 774
c 1044 602
c 1011 402
c 1038 875
c 693 278
c 925 385
c 594 718
c 471 517
c 724 581
c 1104 696
c 1056 805
c 969 954
c 1093 617
c 989 679
c 1024 915
c 969 971
c 1149 701
c 861 874
c 983 740
c 1030 971
c 1063 579
c 1052 609
c 1034 648
c 1048 428
c 961 380
c 988 360
c 995 319
c 974 149
c 819 647
c 944 447
c 875 157
c 919 340
c 1007 496
c 1059 506
c 1043 648
c 1027 522
c 169 997
c 1224 575
c 1211 462
c 401 523
c 1490 491
c 850 814
c 1300 958
c 990 660
c 958 397
c 983 434
c 578 355
c 526 352
c 630 498
c 650 340
c 1307 445
c 1167 462
c 835 621
c 1015 369
c 1331 226
c 1003 419
c 221 492
c 657 503
c 837 503
c 769 573
c 1104 455
c 1766 356
c 582 957
c 984 427
c 973 570
c 920 582
c 976 611
c 344 355
c 698 526
c 246 535
c 950 600
c 838 424
c 623 520
c 1008 329
c 385 320
c 523 985
c 637 933
c 995 524
c 750 825
c 977 533
c 491 889
c 488 482
c 1030 388
c 1132 576
c 959 419
c 720 506
c 1661 277
c 815 532
c 1013 793
c 1205 558
c 1096 513
c 1060 441
c 897 135
c 353 261
c 408 765
c 154 207
c 226 189
c 770 477
c 299 441
c 299 477
c 226 531
c 154 477
c 226 549
c 1549 495
c 263 549
c 1730 189
c 408 225
c 480 675
c 1060 621
c 824 603
c 1476 369
c 1603 621
c 462 189
c 1132 819
c 1313 81
c 951 459
c 353 765
c 1078 405
c 299 315
c 480 729
c 1096 405
c 1313 783
c 1060 549
c 534 495
c 534 495
c 1313 99
c 408 603
c 408 549
c 480 441
c 299 117
c 516 261
c 1313 117
c 1603 513
c 1060 747
c 480 495
c 480 423
c 589 441
c 1005 513
c 371 81
c 951 369
c 770 315
c 1060 477
c 534 261
c 824 675
c 1005 459
c 408 603
c 299 135
c 353 441
c 299 189
c 1060 405
c 534 729
c 299 189
c 643 81
c 1784 81
c 770 621
c 299 135
c 1549 783
c 1422 603
c 1422 369
c 1422 405
c 1476 549
c 1368 549
c 1476 549
c 1476 261
c 1368 549
c 1368 477
c 1313 261
c 1368 549
c 1060 927
c 1241 261
c 1042 405
c 408 189
c 226 783
c 1476 261
c 1694 603
c 1005 405
c 1549 441
c 1313 135
c 770 81
c 1241 117
c 552 189
c 480 729
c 1186 117
c 299 135
c 1060 423
c 480 261
c 444 657
c 480 297
c 1549 315
c 1657 639
c 643 801
c 516 333
c 498 369
c 715 135
c 480 279
c 534 639
c 1422 621
c 1186 261
c 1313 135
c 643 315
c 589 675
c 480 279
c 226 369
c 1132 693
c 1060 459
c 1186 783
c 643 315
c 480 333
c 1422 261
c 480 549
c 426 297
c 1186 477
c 1005 261
c 951 675
c 951 261
c 1060 477
c 951 99
c 1603 765
c 480 261
c 643 315
c 1422 351
c 1060 549
c 1186 81
c 1023 495
c 1060 477
c 1060 477
c 534 657
c 1186 927
c 1730 315
c 589 675
c 426 369
c 1603 189
c 1603 243
c 1621 729
c 1603 261
c 480 297
c 1476 603
c 1549 351
c 1005 891
c 1585 603
c 444 225
c 389 207
c 1368 189
c 1657 189
c 1603 693
c 226 549
c 534 261
c 480 135
c 480 441
c 299 81
c 1313 99
c 1132 369
c 1603 135
c 534 441
c 1186 243
c 1603 639
c 1657 189
c 1132 441
c 1005 459
c 589 549
c 1313 639
c 824 261
c 1838 189
c 1603 495
c 1603 387
c 806 441
c 1368 603
c 715 369
c 589 549
c 1132 135
c 1603 81
c 1005 837
c 1730 603
c 1476 459
c 1060 441
c 589 675
c 589 585
c 589 315
c 1313 783
c 1223 423
c 1476 261
c 1313 315
c 1186 99
c 951 603
c 1838 495
c 1368 261
c 1730 171
c 715 927
c 1313 441
c 353 549
c 1132 855
c 1603 603
c 951 99
c 1476 729
c 715 855
c 1422 117
c 1132 927
c 1422 81
c 1386 549
c 1005 459
c 1838 495
c 824 171
c 1422 675
c 1132 549
c 824 405
c 1603 315
c 1748 261
c 1476 495
c 353 441
c 770 513
c 1730 729
c 1730 657
c 951 495
c 498 189
c 154 441
c 1549 189
c 480 261
c 1060 549
c 987 351
c 897 405
c 1440 729
c 1458 693
c 933 369
c 1422 315
c 643 441
c 589 675
c 1422 369
c 589 603
c 770 603
c 1060 405
c 480 405
c 263 135
c 643 675
c 190 171
c 480 117
c 1766 81
c 154 135
c 245 135
c 154 189
c 1476 495
c 1422 135
c 1476 729
c 1603 549
c 770 927
c 1549 81
c 1422 783
c 154 153
c 299 81
c 987 441
c 1422 189
c 878 441
c 1440 189
c 299 171
c 317 81
c 1060 423
c 190 315
c 1186 837
c 1730 495
c 1422 99
c 1005 405
c 1005 711
c 154 855
c 1730 855
c 534 81
c 1549 693
c 951 261
c 1186 477
c 263 81
c 226 135
c 245 135
c 1005 81
c 1730 99
c 353 729
c 1730 315
c 1603 369
c 281 549
c 1422 783
c 1313 315
c 1549 189
c 226 189
c 643 99
c 534 135
c 226 189
c 408 171
c 1060 279
c 1132 351
c 1005 81
c 408 297
c 770 927
c 715 531
c 1005 189
c 1313 81
c 1422 261
c 263 189
c 299 171
c 408 135
c 1838 441
c 1838 315
c 951 603
c 951 369
c 226 81
c 589 603
c 154 603
c 353 369
c 643 549
c 1603 855
c 408 729
c 299 765
c 1186 441
c 154 171
c 1657 261
c 1422 153
c 1694 261
c 226 189
c 715 153
c 1603 783
c 208 189
c 1241 207
c 589 153
c 1005 81
c 426 189
c 770 189
c 154 135
c 299 801
c 154 261
c 1549 243
c 951 873
c 1838 261
c 1132 891
c 1060 603
c 154 225
c 1368 261
c 1766 315
c 1712 243
c 154 729
c 1422 801
c 1838 369
c 299 81
c 1060 135
c 1784 783
c 1784 603
c 1241 81
c 1168 603
c 1838 441
c 1730 369
c 1549 549
c 534 189
c 951 549
c 1784 81
c 426 675
c 1549 81
c 408 441
c 408 369
c 1186 117
c 154 441
c 1730 927
c 299 855
c 1186 819
c 1241 189
c 1186 459
c 1313 207
c 1186 639
c 1313 261
c 1657 81
c 1603 675
c 1657 369
c 408 81
c 589 261
c 1838 135
c 1657 585
c 1023 603
c 1060 261
c 1603 549
c 1313 207
c 1150 369
c 589 495
c 534 495
c 154 441
c 1603 315
c 1603 495
c 1186 351
c 951 603
c 480 81
c 1023 603
c 1730 81
c 1549 747
c 1730 261
c 1422 369
c 589 729
c 824 657
c 1603 135
c 1567 783
c 353 81
c 715 603
c 1730 549
c 1820 135
c 1585 603
c 824 693
c 353 207
c 734 189
c 353 369
c 1422 243
c 1657 927
c 715 495
c 589 243
c 552 729
c 1838 135
c 1603 603
c 1060 369
c 154 441
c 643 729
c 1730 81
c 1603 603
c 589 927
c 1186 765
c 1838 369
c 1603 549
c 589 189
c 1060 369
c 715 549
c 1476 495
c 1585 729
c 824 855
c 951 585
c 317 189
c 824 477
c 1005 531
c 408 729
c 824 927
c 353 189
c 480 549
c 480 495
c 1060 423
c 353 675
c 408 693
c 1549 81
c 1549 639
c 299 189
c 715 549
c 1368 333
c 408 225
c 154 675
c 1730 99
c 1549 657
c 643 81
c 1023 495
c 951 315
c 1603 675
c 226 549
c 480 189
c 1657 135
c 1802 675
c 643 549
c 480 189
c 824 261
c 1657 729
c 534 603
c 625 189
c 1422 315
c 1603 675
c 1186 783
c 353 603
c 1186 495
c 480 225
c 951 603
c 1730 369
c 1422 351
c 1549 603
c 1639 261
c 1313 495
c 1549 621
c 353 441
c 1241 495
c 1241 441
c 1422 369
c 534 747
c 589 549
c 353 441
c 353 261
c 715 549
c 824 135
c 1657 135
c 1603 783
c 408 603
c 589 225
c 1132 405
c 770 855
c 299 369
c 770 729
c 1838 261
c 1476 855
c 480 351
c 1603 495
c 480 279
c 299 603
c 1150 81
c 534 441
c 1476 207
c 1494 603
c 1549 261
c 1784 369
c 1549 927
c 824 855
c 353 441
c 1657 261
c 1694 297
c 1603 135
c 1603 603
c 1603 639
c 824 729
s down 
s right 
s down 
s right 
s right 
s down 
s right 
s down 
s down 
s right 
s down 
s left 
s up 
s down 
s right 
s down 
s right 
s down 
s left 
s right 
s right 
s right 
s right 
s right 
s down 
s down 
s down 
s down 
s right 
s left 
s down 
s up 
s right 
s down 
s left 
s down 
s up 
s right 
s right 
s down 
s down 
s right 
s down 
s up 
s right 
s right 
s left 
s down 
s up 
s down 
s right 
s right 
s right 
s down 
s up 
s right 
s left 
s down 
s up 
s right 
s left 
s left 
s up 
s down 
s down 
s right 
s up 
s down 
s down 
s down 
s left 
s down 
s right 
s left 
s down 
s down 
s up 
s right 
s left 
s right 
s down 
s right 
s up 
s right 
s left 
s right 
s left 
s down 
s right 
s down 
s left 
s right 
s down 
s up 
s down 
s right 
s left 
s right 
s down 
s right 
s down 
s down 
s down 
s down 
s right 
s down 
s right 
s up 
s down 
s right 
s down 
s down 
s left 
s up 
s down 
s right 
s down 
s right 
s right 
s left 
s up 
s down 
s down 
s down 
s down 
s right 
s down 
s right 
s down 
s right 
s down 
s right 
s up 
s up 
s down 
s right 
s down 
s up 
s right 
s down 
s up 
s up 
s up 
s up 
s down 
s right 
s left 
s down 
s up 
s down 
s left 
s right 
s down 
s down 
s up 
s down 
s up 
s right 
s left 
s right 
s left 
s down 
s right 
s left 
s down 
s up 
s right 
s down 
s right 
s left 
s down 
s up 
s down 
s up 
s right 
s down 
s right 
s left 
s down 
s right 
s up 
s up 
s up 
s down 
s up 
s up 
s up 
s up 
s up 
s left 
s up 
s up 
s up 
s up 
s left 
s down 
s up 
s right 
s left 
s up 
s down 
s up 
s up 
s down 
s right 
s left 
s down 
s left 
s up 
s right 
s down 
s up 
s down 
s up 
s down 
s right 
s down 
s up 
s down 
s right 
s down 
s up 
s down 
s up 
s right 
s down 
s up 
s right 
s down 
s up 
s down 
s right 
s left 
s down 
s up 
s left 
s left 
s down 
s up 
s left 
s down 
s up 
s left 
s right 
s left 
s down 
s up 
s up 
s up 
s down 
s up 
s up 
s up 
s up 
s up 
s left 
s left 
s up 
s up 
s down 
s down 
s up 
s right 
s left 
s down 
s up 
s down 
s right 
s left 
s down 
s up 
s down 
s right 
s left 
s down 
s up 
s right 
s down 
s up 
s right 
s down 
s right 
s up 
s down 
s right 
s left 
s down 
s up 
s right 
s down 
s right 
s up 
s down 
s right 
s left 
s right 
s down 
s up 
c 770 315
c 1132 315
c 1005 675
c 1603 873
c 1368 369
c 1313 135
c 534 189
c 951 603
c 1096 261
c 1132 369
c 770 81
c 480 135
c 226 189
c 1186 261
c 824 819
c 408 603
c 534 639
c 408 585
c 770 747
c 715 117
c 1042 387
c 1585 441
c 1132 369
c 1096 369
c 1241 855
c 1005 819
c 1114 405
c 1042 369
c 1657 153
c 1132 675
c 1549 711
c 1657 819
c 1549 855
c 1476 927
c 1186 261
c 1150 441
c 1313 369
c 1060 351
c 1186 369
c 770 675
c 824 837
c 408 135
c 715 135
s down 
s up 
s right 
s left 
s left 
s down 
s up 
s left 
s right 
s left 
s up 
s left 
s left 
s right 
s up 
s down 
s left 
s up 
s left 
s right 
s up 
s left 
s left 
s right 
s left 
s right 
s left 
s right 
s left 
s right 
s left 
s up 
s down 
s down 
s up 
c 1005 477
c 625 171
c 389 45
c 1458 117
c 679 333
c 752 909
c 987 513
c 1458 585
c 1404 819
c 335 747
c 82 873
c 82 999
c 860 405
c 987 459
c 208 1071
c 444 351
c 444 333
c 444 603
c 335 585
c 1639 405
c 1223 279
c 1875 9
c 1875 9
c 1512 171
c 1404 513
c 1694 711
c 408 639
c 444 189
c 987 693
c 1042 639
c 571 171
c 987 459
c 9 981
c 987 513
c 208 405
c 987 513
c 154 1017
c 154 1071
c 752 1017
c 752 819
c 625 891
c 82 999
c 1875 405
c 462 405
c 752 693
c 806 711
c 498 693
c 987 549
c 987 747
c 1223 693
c 1042 513
c 1748 999
c 1512 477
c 1223 405
c 498 279
c 498 927
c 444 639
c 498 909
c 625 693
c 1023 477
c 9 927
